0 info it worked if it ends with ok
1 verbose cli [ 'C:\\Program Files\\nodejs\\\\node.exe',
1 verbose cli   'C:\\Program Files\\nodejs\\node_modules\\npm\\bin\\npm-cli.js',
1 verbose cli   'install',
1 verbose cli   '--save',
1 verbose cli   'mangoose' ]
2 info using npm@1.4.28
3 info using node@v0.10.35
4 verbose node symlink C:\Program Files\nodejs\\node.exe
5 warn package.json sn@ No description
6 warn package.json sn@ No repository field.
7 warn package.json sn@ No README data
8 verbose readDependencies using package.json deps
9 verbose cache add [ 'mangoose', null ]
10 verbose cache add name=undefined spec="mangoose" args=["mangoose",null]
11 verbose parsed url { protocol: null,
11 verbose parsed url   slashes: null,
11 verbose parsed url   auth: null,
11 verbose parsed url   host: null,
11 verbose parsed url   port: null,
11 verbose parsed url   hostname: null,
11 verbose parsed url   hash: null,
11 verbose parsed url   search: null,
11 verbose parsed url   query: null,
11 verbose parsed url   pathname: 'mangoose',
11 verbose parsed url   path: 'mangoose',
11 verbose parsed url   href: 'mangoose' }
12 silly lockFile 2a58770c-mangoose mangoose
13 verbose lock mangoose C:\Users\Meliodas\AppData\Roaming\npm-cache\2a58770c-mangoose.lock
14 silly lockFile 2a58770c-mangoose mangoose
15 silly lockFile 2a58770c-mangoose mangoose
16 verbose addNamed [ 'mangoose', '' ]
17 verbose addNamed [ null, '*' ]
18 silly lockFile 68faba89-mangoose mangoose@
19 verbose lock mangoose@ C:\Users\Meliodas\AppData\Roaming\npm-cache\68faba89-mangoose.lock
20 silly addNameRange { name: 'mangoose', range: '*', hasData: false }
21 verbose request where is /mangoose
22 verbose request registry https://registry.npmjs.org/
23 verbose request id e988d9d8356f4ac2
24 verbose url raw /mangoose
25 verbose url resolving [ 'https://registry.npmjs.org/', './mangoose' ]
26 verbose url resolved https://registry.npmjs.org/mangoose
27 verbose request where is https://registry.npmjs.org/mangoose
28 info trying registry request attempt 1 at 22:56:07
29 http GET https://registry.npmjs.org/mangoose
30 http 404 https://registry.npmjs.org/mangoose
31 silly registry.get cb [ 404,
31 silly registry.get   { 'content-type': 'application/json',
31 silly registry.get     'cache-control': 'max-age=0',
31 silly registry.get     'content-length': '2',
31 silly registry.get     'accept-ranges': 'bytes',
31 silly registry.get     date: 'Tue, 15 Nov 2016 17:30:08 GMT',
31 silly registry.get     via: '1.1 varnish',
31 silly registry.get     age: '0',
31 silly registry.get     connection: 'keep-alive',
31 silly registry.get     'x-served-by': 'cache-cdg8720-CDG',
31 silly registry.get     'x-cache': 'MISS',
31 silly registry.get     'x-cache-hits': '0',
31 silly registry.get     'x-timer': 'S1479231007.537716,VS0,VE813',
31 silly registry.get     vary: 'Accept-Encoding' } ]
32 silly lockFile 68faba89-mangoose mangoose@
33 silly lockFile 68faba89-mangoose mangoose@
34 error 404 Not Found
34 error 404
34 error 404 'mangoose' is not in the npm registry.
34 error 404 You should bug the author to publish it
34 error 404 It was specified as a dependency of 'sn'
34 error 404
34 error 404 Note that you can also install from a
34 error 404 tarball, folder, or http url, or git url.
35 error System Windows_NT 6.2.9200
36 error command "C:\\Program Files\\nodejs\\\\node.exe" "C:\\Program Files\\nodejs\\node_modules\\npm\\bin\\npm-cli.js" "install" "--save" "mangoose"
37 error cwd E:\Current_Projects\mean\node server
38 error node -v v0.10.35
39 error npm -v 1.4.28
40 error code E404
41 verbose exit [ 1, true ]
